49.241038
46.963880
56.076973
53.471958
50.941354
53.319509
60.578654
55.681091
57.524898
59.044416
56.734208
49.446227
57.409532
57.538949
46.557767
47.387900
57.484752
59.105638
58.344817
59.510225
55.302494
51.584827
56.246255
58.567229
51.286243
52.780761
59.451450
62.159575
59.763695
58.633901
61.080744
47.989656
49.554794
53.688968
48.361075
52.986417
47.242670
48.581420
53.690529
57.562367
53.655402
62.741526
60.713203
59.536202
61.380318
66.208432
62.641432
57.200447
59.034380
65.983615
63.848427
51.578972
45.525322
48.869466
59.006911
62.372502
60.527494
57.596430
59.279715
48.372997
56.766143
48.715732
46.775864
51.394636
54.274152
62.279104
64.487516
55.508404
46.918716
44.792225
48.003412
53.992914
49.227041
43.818313
48.839711
61.891069
62.723777
50.897137
61.655073
58.512484
63.081298
66.461350
63.257716
59.267225
49.013283
45.458970
57.848072
61.464454
65.574128
57.638785
54.765544
60.994224
65.337268
62.815890
55.373084
52.222978
59.084000
62.404683
66.556042
64.082043
54.836697
57.257928
59.371969
60.319045
61.404345
48.888405
47.756956
55.675515
60.010652
55.575938
60.886104
62.477884
55.557754
49.178589
44.401240
48.211308
56.225484
48.754792
45.124608
44.452335
44.108001
49.100068
57.301420
64.970380
61.924876
46.106351
51.145732
56.988001
57.946429
48.031088
46.713273
54.816563
62.614627
54.372450
47.555922
53.220665
59.126715
58.467878
48.988487
44.963281
43.921164
50.560273
57.665408
62.764174
61.794931
55.298591
61.766370
59.073230
49.371790
63.153955
48.307425
49.459609
56.421254
49.534548
61.548336
67.453704
65.289367
52.059049
49.427675
54.965057
67.252891
61.357522
48.438568
49.472383
61.504050
55.907469
58.706940
51.075477
46.480792
58.998443
61.443127
61.978797
67.385760
64.724643
58.540735
64.347309
60.438790
57.047163
59.563337
61.237251
49.818691
45.010118
54.880963
57.966867
50.382962
52.336876
53.243526
57.462959
59.232241
63.704673
61.828309
53.102468
57.042318
45.878605
47.409437
61.494618
60.911195
59.330455
56.710942
48.376854
63.294465
65.613358
48.241854
62.210915
58.832470
63.630173
62.448292
65.925655
71.271484
68.990535
64.945543
62.064206
57.129127
59.303843
58.501139
62.813488
54.265550
62.840509
70.212974
58.744527
56.639683
59.994533
64.426080
65.772850
60.845473
49.458130
59.955725
64.728390
63.412278
61.496654
52.808437
59.542625
68.682750
60.869042
49.193053
49.038079
60.386348
49.289376
53.347060
55.842181
59.878031
60.909700
63.116125
62.701490
50.401548
59.139205
51.276206
48.625915
64.118745
61.282544
58.320537
63.169141
70.544413
59.915225
61.939475
65.706107
61.514420
58.577985
60.363205
63.551961
56.044603
59.862989
62.962645
60.686832
58.996743
57.613595
52.008867
54.566727
59.526489
63.926545
67.996926
64.305058
68.121453
65.477778
66.928045
67.664118
49.586738
45.403026
47.535700
56.777852
65.644872
66.897292
67.768095
66.601860
65.858327
69.007396
63.920925
63.168726
65.014094
62.565039
63.621340
68.414443
63.952238
58.569358
54.225249
57.361069
58.924380
45.740771
47.233062
52.305946
56.941780
55.974176
57.289153
60.379263
49.446227
56.123810
67.249769
63.118377
60.643185
62.883743
64.318569
55.857510
62.982772
71.288291
65.906335
63.797510
70.773008
65.430942
63.357351
59.687277
62.030593
62.771228
56.119795
47.672495
55.361040
57.762887
58.768414
61.323944
52.667927
61.970642
65.323217
58.771116
61.473236
67.454958
61.121960
59.700327
58.763758
51.794241
58.912117
55.712316
58.052352
61.547749
58.171245
51.885753
49.693793
55.843332
62.882036
56.406436
54.806805
59.607572
65.354832
57.609204
61.740206
64.103900
52.965675
61.526961
59.295327
57.503821
60.304446
66.035561
63.148714
65.765824
59.206584
51.848284
53.993053
63.505951
63.442802
65.820623
47.053371
49.084915
60.093837
62.949837
58.767113
62.677610
53.924713
50.436794
47.090316
58.744723
65.733252
64.213186
68.726242
57.148330
49.511130
54.012142
62.188798
59.882588
61.922869
65.226563
66.822662
68.275210
62.000150
56.513798
51.317467
50.561611
44.639027
46.489906
56.551245
62.281170
71.792711
64.080941
55.962112
59.649796
62.062768
65.404921
62.938186
69.580678
59.837987
54.760359
58.100990
64.407224
67.764263
63.340852
58.510123
61.746450
62.815479
66.445738
64.863390
70.038957
64.996029
69.249938
62.005168
57.501755
63.331804
68.368275
64.430338
62.199206
64.292009
69.622831
73.967556
65.520838
57.149352
55.958209
54.784463
57.421857
60.359190
62.616990
66.020831
67.801602
53.109530
63.248995
65.343655
55.951183
59.576348
66.132155
66.180330
46.393931
44.633721
49.100528
62.909075
58.140021
53.510988
49.849916
47.171736
55.111954
59.974460
64.699831
69.484743
64.519754
67.326893
68.900425
62.629252
60.700430
62.681944
66.234618
58.898022
59.576348
57.605407
63.679247
61.327322
47.524891
56.348409
51.886605
56.004429
59.965944
62.246042
56.567775
58.180935
46.636631
48.476038
55.845020
60.058097
55.143007
59.608773
58.056755
62.207012
57.351602
60.009588
64.023497
62.778674
47.492466
49.515813
61.385098
63.532821
71.606417
68.261220
56.253960
54.782941
61.028287
65.056248
67.770786
65.618289
70.082889
65.367814
62.497790
58.956046
57.010187
55.681579
64.570848
62.283019
64.009446
54.588234
50.068487
57.508840
60.633520
58.343690
57.688466
62.432012
63.358884
58.014204
64.452053
61.531782
67.540724
59.000256
55.709261
60.467710
62.751001
67.290361
60.323271
64.323587
65.625749
63.229614
47.253598
51.640864
55.392265
57.669423
60.112841
63.948696
68.194310
62.972012
64.564462
66.301852
59.744960
57.679459
55.389142
58.260661
51.600542
46.691557
44.106169
47.924278
48.789258
61.626144
63.531451
57.468694
51.806131
56.204102
63.693724
63.900941
54.757485
53.534407
59.983827
63.245227
65.281064
66.342457
67.355506
55.871314
57.609204
65.989961
61.041669
49.380572
59.520144
67.128774
68.862798
64.880610
46.913894
44.453430
46.456203
48.953772
56.063591
45.654740
46.328238
50.299861
56.274357
61.176003
64.120851
56.493387
62.733696
64.489188
63.288776
70.126326
68.154868
61.396872
47.793559
44.386705
50.555589
61.867276
54.096448
59.342164
57.827776
59.046732
59.907808
60.976341
56.091693
61.290573
50.624674
57.099854
62.283512
58.048299
65.346050
57.212469
45.668822
61.619151
63.988370
61.781748
56.409463
47.083709
47.620202
55.766959
45.512549
44.075256
45.494098
49.147364
55.441332
59.670021
60.550552
61.965022
49.514252
43.903758
47.431522
57.724918
60.697562
48.195017
53.831958
55.367731
61.678381
59.801164
48.418180
60.383534
58.205592
63.799051
50.828283
49.789808
57.863879
60.631736
57.603005
63.859488
44.993086
48.347237
55.417244
57.003254
57.878832
58.726261
57.607107
58.903377
52.227661
57.580074
53.618713
58.030735
59.233854
63.219206
57.972189
55.227384
59.143108
48.991242
52.570908
44.626057
46.410537
51.003271
59.216065
66.976554
63.796614
45.873996
49.770211
55.681091
57.628659
46.236139
49.260839
57.358293
48.871223
45.806343
48.856775
43.442464
55.769189
59.429451
46.468748
48.022081
59.276167
43.922228
47.457338
47.671887
52.347876
56.325877
61.749573
46.930425
49.717212
61.273279
48.073888
44.469488
50.904153
60.827558
59.052628
57.822572
45.716927
49.296913
44.185334
47.714940
57.614222
61.224150
50.127033
45.003427
48.923116
58.901898
61.106688
56.748012
58.826960
63.163057
60.489664
57.679459
56.077642
57.796551
58.817592
58.290679
68.074249
62.886769
48.809749
53.351743
57.468694
57.098258
63.525425
60.635579
68.014769
65.240667
60.658277
54.985939
64.174295
66.872072
52.228300
55.271936
49.143461
51.582453
50.873777
51.869901
62.830437
55.516605
65.770508
63.661954
59.363575
56.248262
60.013491
65.007374
50.786350
61.073981
63.187461
61.150062
67.182636
59.954511
55.483987
57.920334
62.541114
66.208432
63.229614
49.590752
44.647133
56.226056
57.789860
63.303772
51.325273
57.958213
63.841838
62.633657
69.077003
62.096750
58.198617
62.811987
66.882881
64.879921
62.630918
55.287087
48.452619
57.656041
64.979971
57.017358
61.234369
49.622783
50.860579
54.174509
57.134982
62.199206
65.016102
45.519702
54.872600
61.977796
64.502472
69.453839
60.674882
66.489187
57.293056
62.692128
63.144655
49.577844
52.283865
57.702878
65.173339
64.576680
61.394716
58.847451
62.720739
60.442828
58.323465
52.792825
51.678845
48.134798
62.148766
53.153022
58.901898
63.229614
55.899663
59.435837
55.375091
47.196655
48.616548
54.678562
61.452993
50.847851
53.096752
60.254909
61.569039
60.745393
59.564638
63.956850
72.522279
59.847788
57.183770
61.676606
65.997666
67.323927
57.391852
49.778099
55.918236
63.536182
61.448145
56.344612
53.835500
51.749406
48.588446
54.069252
60.301085
52.987978
59.924813
57.941319
61.834548
50.456437
52.148590
51.948648
58.211731
63.536005
66.540973
63.271767
58.819754
60.380066
66.115479
60.278899
63.103155
61.104397
60.268862
62.459230
61.144146
64.415170
61.531782
52.296836
47.059226
45.806898
45.379794
47.374437
53.279407
59.305018
54.752162
51.832160
57.727529
63.968297
59.191009
63.405252
57.657273
60.198607
62.646497
63.525170
67.591287
62.808083
64.138540
63.144569
52.930213
48.023770
64.515283
54.196812
47.198799
45.274277
51.534838
49.258008
47.616445
59.355546
63.596163
60.927059
62.737828
49.957782
46.491330
54.655561
57.284692
64.094293
62.643657
60.692041
57.309023
56.059577
59.463033
66.200993
56.363347
46.227874
48.856242
58.461633
59.389617
63.285818
62.053765
48.719780
45.196753
46.270027
49.038079
51.276875
55.185402
61.206267
58.535903
65.939455
64.250655
64.927208
50.639896
49.727559
55.688897
59.196970
53.046524
52.177756
43.486122
48.143250
61.196899
59.614669
54.255946
55.947518
51.491604
64.831431
59.133200
62.961367
53.244604
61.517944
63.071540
55.409678
47.507256
56.258144
60.953348
64.570848
60.725521
57.365160
59.665763
61.215634
63.294729
58.986205
57.508840
56.261583
45.628856
48.652423
62.948594
62.645716
65.505880
67.357939
48.177453
45.653059
47.831343
50.597742
56.799204
54.279111
60.170323
50.024705
55.726367
59.909135
61.327824
54.016156
47.591650
48.581420
59.113692
63.943406
50.148110
57.391270
48.297206
46.435293
49.796834
50.672861
43.922746
44.666648
47.754106
60.070032
47.712338
43.650051
49.293552
55.552645
56.664663
59.330455
49.220742
52.672611
44.574176
48.284433
56.176000
44.786510
47.273894
58.512484
47.505848
48.579078
56.847491
51.152758
53.170733
62.603173
65.466069
61.699614
51.124115
55.656112
62.138593
52.328360
44.103358
45.033536
46.860170
51.542467
59.365582
44.511945
57.718490
60.508152
58.685656
47.887233
46.981831
50.963069
47.483684
48.457710
60.212621
59.882164
56.583479
59.828297
56.572941
58.442229
49.944596
50.543817
52.440870
50.823385
54.114462
62.016117
71.098188
64.548598
60.169613
57.047163
54.078120
60.339118
66.665317
69.271555
59.845659
47.224827
52.227661
57.324671
58.428847
64.723707
60.106455
53.751559
45.760884
49.261618
56.735299
60.584509
71.246615
62.480226
53.501981
48.746250
60.535124
60.619082
44.926305
48.850732
66.461350
64.756492
49.870163
59.993115
59.105944
62.731442
50.056778
45.705978
46.975884
54.069684
56.436055
62.513012
64.502472
60.212476
68.000272
64.088288
62.292879
58.646818
53.934927
60.269209
62.185155
55.057666
63.551961
65.362815
58.983082
64.058625
53.420242
55.436699
60.840940
64.353696
66.988264
63.989517
61.476749
51.526589
46.408530
56.539765
65.566006
61.613746
57.155248
54.995713
51.344789
45.343179
46.666968
48.843526
54.417614
62.014614
48.781854
45.753651
47.211445
49.759118
48.188908
63.540440
54.495193
52.776873
61.900171
48.071037
45.017324
47.037480
50.191434
46.463931
46.462057
56.501335
64.946962
47.183343
55.846717
59.334670
58.311755
45.017324
48.481147
57.727529
56.592078
53.434042
58.196041
45.497220
48.447936
58.326810
63.610999
48.638165
46.215100
58.956956
47.732504
46.639368
48.373357
56.113774
49.361252
48.429201
49.122385
45.048809
46.403511
50.218365
48.162171
58.394408
57.730199
63.666757
65.309166
60.995501
55.613958
47.531809
48.590202
53.218259
58.306135
61.176003
65.269279
44.665400
46.104225
50.646921
59.227079
67.207135
62.967082
62.319491
57.786691
55.991207
60.776089
47.893924
56.925813
58.166854
61.757954
64.466104
67.952130
65.846143
62.947597
46.097054
59.734422
62.607355
55.836295
45.855935
46.099072
51.052059
54.174509
56.992181
54.087666
59.832572
54.714693
57.784842
48.855795
45.136577
62.486917
65.112452
63.217905
59.161352
53.393896
45.766197
52.307008
60.252494
65.592741
65.825541
46.949160
44.911514
49.744644
59.047907
66.180330
48.087568
55.290785
59.154817
59.857368
55.951183
59.409074
50.409726
50.556200
51.921141
60.025980
59.465947
66.539411
62.890557
54.786225
52.751564
58.960913
59.706049
61.568287
66.709945
64.328900
65.764419
69.693086
64.154206
66.936923
69.837199
64.698585
56.022609
46.119789
48.195017
54.550404
55.861257
58.637382
60.913797
52.397551
62.693919
59.037725
60.677767
48.072834
44.319892
48.329418
59.675531
54.689713
48.616548
45.921306
51.918539
57.033112
59.129270
60.190782
57.410148
47.815639
43.228285
45.391199
53.124585
61.211887
59.940397
56.613674
53.415851
55.802644
60.981450
49.600120
55.879172
57.490311
56.101061
54.542663
59.090949
54.403016
66.789207
59.369715
58.030735
65.196758
59.892496
62.800688
54.999728
52.181587
54.495497
60.784736
56.324539
52.297917
61.137573
70.147042
55.799101
59.576348
51.497008
56.475755
61.480035
56.505195
60.391307
62.754556
64.128186
62.386553
55.220530
50.443181
51.966608
48.071368
57.127455
61.080634
52.355682
63.869717
61.665267
54.517979
47.084986
45.652451
47.742941
51.075477
52.997913
55.684214
53.661319
59.954272
52.539442
44.582875
56.829599
57.760866
55.220530
58.377327
63.229614
66.902041
62.783647
55.025977
57.138800
63.150577
66.742371
61.471107
49.525019
52.137570
56.158642
46.163023
48.394690
59.075780
47.453435
57.880188
43.724236
58.725021
54.981662
45.332121
50.429130
55.574228
65.010429
54.194805
49.516178
55.529652
59.451028
54.524669
60.946323
66.683977
58.119478
59.899521
54.419621
52.399516
57.271979
55.185402
56.649051
58.401171
59.642470
48.875528
63.935288
51.134924
55.269168
64.450600
60.735557
57.612194
51.035332
52.476447
58.930000
57.037796
54.070900
60.590465
65.034631
64.188749
69.457029
66.556897
56.707943
59.753834
64.665941
62.897499
65.708571
66.672115
65.792521
62.241024
53.931850
56.918362
60.117180
64.737758
63.287471
64.160495
47.234108
49.501242
61.346777
67.806234
69.241750
63.073492
55.255657
49.727248
44.800585
51.356498
56.825589
49.862405
57.047163
59.522305
63.797764
60.372572
45.598505
62.111387
64.544389
54.493183
62.747409
62.368125
64.042130
55.009764
51.726508
54.605797
45.971833
57.493785
64.494207
67.817014
60.046179
55.534612
51.279998
55.603030
64.566591
62.991828
48.733069
57.859381
56.565414
60.439482
62.581105
48.433885
58.454688
63.975399
51.691243
57.622586
64.025839
65.610482
57.214185
52.167625
56.091693
51.688613
50.223880
51.476345
54.506269
61.870178
59.927623
56.041110
61.028287
57.941319
62.300685
59.884564
60.853523
58.843140
60.814176
56.485122
59.631812
63.734911
54.532769
49.895191
46.125684
49.535269
58.254673
56.003373
60.260685
54.052538
47.792647
60.783756
62.361005
63.893135
59.956753
64.081458
67.769852
46.491330
48.400378
60.189483
65.379421
63.475507
58.146449
59.364756
60.212476
63.331804
68.711818
56.950562
47.502090
52.769406
57.874612
52.660121
58.691295
66.622937
55.551142
49.687939
51.962774
55.770862
60.571629
65.731974
58.118554
55.681321
54.611652
57.035454
47.239547
44.302883
49.319099
56.141242
61.055838
58.782465
64.663589
67.346044
63.556206
47.457338
52.525288
51.035118
49.103650
56.008239
65.134309
61.009552
62.049328
60.078942
63.721400
53.745172
50.075693
56.432933
51.581314
47.542648
50.839916
57.128063
51.811090
45.919657
49.005017
55.560096
47.339182
59.935019
58.569358
57.159571
60.231403
64.771094
68.791478
64.187639
50.735911
61.553145
55.904346
46.407902
58.937253
65.574379
62.972820
56.212367
59.081860
56.063591
52.247957
62.274145
60.494348
57.738322
64.400533
63.580890
63.002121
66.208432
57.693510
48.174944
45.493509
49.615732
66.891146
66.198657
68.482218
63.885329
56.789561
48.092828
45.426965
48.854804
56.555377
54.316995
60.158462
57.156449
63.462585
61.842839
48.209068
52.819082
63.491474
48.373848
45.141489
50.190263
62.171655
68.422107
63.605160
54.609310
55.698265
66.375822
61.436436
53.150345
50.977120
55.134528
66.836852
68.022575
55.183060
57.239980
64.343660
57.149844
61.092889
63.686273
66.081972
61.648874
51.985281
63.897038
59.020998
56.828132
47.913997
45.088179
47.657565
56.890440
51.754610
46.750884
56.919426
51.153762
52.906243
55.870390
61.850857
55.782571
61.146397
64.283441
55.508241
60.926098
68.479193
63.825378
54.372785
49.857722
47.574430
52.550835
58.716756
65.929285
60.938216
62.501843
61.086833
64.605444
62.922011
53.412771
63.778882
56.103403
63.740561
61.586725
59.899401
58.276628
46.886053
48.639691
56.157265
57.878515
47.175314
57.254231
62.822135
63.416961
60.606756
61.508364
62.558287
60.432791
61.301501
59.031870
62.667573
52.626494
59.234800
67.655687
64.023084
58.873796
56.752092
61.397126
54.939509
52.138468
57.113286
55.832163
57.653576
52.142686
60.145414
56.101340
64.147721
59.716858
57.401249
64.035206
60.549883
57.398439
65.887600
65.326460
68.042090
63.761110
61.939475
57.061214
50.485334
55.688090
67.106044
65.133528
63.328492
68.658420
70.199774
56.545341
52.697454
57.384388
64.638620
61.490194
56.921843
61.241037
66.165139
67.220105
65.056248
60.264848
57.910298
61.726155
65.002951
62.480226
71.008354
66.208432
64.673038
60.300516
55.197111
45.205881
47.409601
61.912331
55.431295
57.433566
64.360902
62.329808
63.850201
70.765340
57.773133
67.646905
64.342148
62.460941
64.381798
69.131045
72.875949
73.671745
73.732756
59.879850
56.732688
65.014094
63.007140
64.726212
73.983667
66.591052
63.499394
65.780088
58.888587
65.576135
68.287983
65.450757
68.656120
66.186439
59.365582
62.167981
66.007394
64.134500
72.269107
64.569866
55.473448
47.385872
54.977564
64.393039
69.522680
66.236534
61.836221
58.077572
60.543389
64.607953
63.910125
64.836700
62.316298
50.954128
61.426399
62.901757
61.534124
56.106355
61.062798
69.311701
65.081795
60.866487
54.467796
61.586725
67.551161
55.428693
63.126080
69.243073
61.709549
63.377720
70.184872
66.596006
59.704084
50.078895
45.712669
55.934474
63.257716
58.838669
54.802426
57.656041
60.125615
66.795594
54.438941
62.006655
63.381365
64.854264
67.981416
61.306842
67.318463
63.518441
67.020123
63.038922
65.911707
71.789347
74.735548
66.551277
60.011929
58.009353
62.593185
64.084225
66.706496
63.061002
57.357457
64.561116
58.432193
63.238982
62.338101
65.517924
64.154640
62.676941
63.583700
68.006963
65.921112
63.162414
57.805918
59.516129
66.130147
65.010429
63.073492
56.448146
54.623361
57.558109
60.972668
66.512445
69.390989
66.250585
64.326675
66.481423
70.870696
75.528394
71.642666
67.081937
61.429629
55.852826
63.370125
59.805601
67.128774
65.602076
63.242388
66.704050
49.629925
66.434586
66.138177
64.861695
63.264742
61.382908
60.363205
57.295758
56.133846
55.414337
60.776707
57.745811
61.785481
67.932024
69.867051
64.300674
70.648556
67.782146
65.117561
71.226990
65.446866
63.840293
65.070299
56.611581
54.422176
58.609415
68.162663
63.229614
68.990535
74.950511
72.735133
67.072264
69.457029
65.161630
69.688828
65.803170
63.866594
61.396071
62.555165
64.733074
67.032173
65.028146
68.674387
71.870995
66.249090
58.522521
55.195550
59.160221
68.035065
64.576171
62.884725
68.645646
65.093717
62.601451
69.896045
65.638361
62.239244
56.201174
62.262904
67.845244
65.877268
58.764511
50.858495
49.664971
61.656806
56.613923
50.269610
47.136799
50.153379
51.454855
51.022786
60.428191
68.501559
62.265423
58.541681
63.721400
57.330281
59.183439
56.106825
54.593638
57.593901
48.852109
45.225974
46.703795
52.129304
59.138424
57.815068
57.716653
69.972729
64.775227
59.518087
66.864393
69.235424
63.108825
56.446801
58.311755
64.696404
63.154675
59.322091
57.077059
47.173124
51.707773
62.882242
60.971760
62.828156
52.053645
53.390294
58.221427
60.059352
62.705894
59.385655
54.652380
59.404994
65.222305
66.221205
59.146035
49.150487
43.730623
48.322754
58.159536
63.018849
48.037976
59.331012
57.601398
61.535226
45.008445
56.341524
45.397210
46.565098
51.836376
57.228655
59.014307
56.725997
65.393472
58.631807
62.578158
51.756412
48.920987
59.169521
68.527677
63.077395
59.147011
56.798077
48.069297
45.384812
55.729043
47.871844
54.630387
62.922248
62.103151
72.735860
65.645052
62.201079
54.909129
49.493880
50.804493
51.950473
54.779947
60.858504
66.540769
63.623043
59.645488
64.198875
55.683387
52.291104
55.368435
59.670021
64.919083
58.949456
46.835079
51.929632
57.358293
50.008268
63.744819
68.812327
66.306789
50.485334
46.428602
47.044794
48.940802
65.028146
63.818561
62.581454
60.714481
57.873832
64.695417
69.283773
65.262676
68.701708
65.661522
58.486329
60.596258
56.431080
57.834021
66.043834
64.277655
60.094958
56.123810
60.314026
66.245180
68.015228
68.318720
69.106249
60.694809
59.195976
63.333932
50.385193
43.460902
48.031088
56.870778
55.530823
50.547968
45.021827
46.352772
49.518155
53.506305
58.567229
57.094000
54.453833
49.510704
56.101061
51.567263
57.796551
61.318336
56.665778
58.873796
50.129735
51.677664
