1340.397742
1340.403718
1340.410691
1340.424635
1340.427623
1340.431275
1340.436919
1340.466799
1340.484728
1340.488048
1340.492696
1340.507304
1340.521248
1340.527556
1340.535525
1340.543161
1340.557437
1340.569057
1340.575697
1340.586985
1340.592629
1340.596614
1340.607238
1340.610558
1340.617862
1340.622510
1340.626162
1340.629150
1340.633466
1340.642430
1340.656042
1340.680943
1340.689575
1340.699867
1340.703187
1340.706839
1340.710159
1340.719124
1340.728420
1340.731408
1340.737384
1340.749336
1340.761952
1340.769256
1340.773904
1340.794489
1340.797809
1340.812085
1340.815737
1340.829681
1340.836321
1340.869190
1340.873174
1340.881474
1340.888114
1340.894422
1340.897742
1340.902058
1340.905710
1340.911687
1340.916667
1340.927623
1340.933267
1340.939907
1340.951527
1340.962815
1340.968459
1340.975432
1340.989044
1340.993028
1341.000664
1341.015272
1341.021580
1341.031208
1341.055777
1341.061421
1341.067729
1341.072709
1341.077025
1341.088313
1341.095286
1341.101262
1341.115870
1341.119190
1341.130810
1341.136454
1341.148406
1341.151726
1341.162351
1341.173971
1341.186587
1341.193559
1341.197211
1341.200863
1341.212815
1341.224436
1341.232404
1341.273904
1341.284197
1341.299469
1341.304449
1341.318061
1341.321381
1341.328685
1341.335657
1341.369854
1341.385126
1341.390770
1341.397742
1341.405046
1341.416335
1341.425631
1341.445551
1341.453851
1341.457835
1341.463147
1341.486056
1341.501328
1341.521912
1341.530876
1341.538181
1341.545817
1341.568393
1341.575365
1341.581341
1341.585989
1341.598274
1341.602258
1341.614874
1341.621514
1341.625498
1341.629150
1341.637118
1341.660027
1341.669323
1341.679615
1341.703851
1341.713811
1341.728752
1341.740040
1341.746680
1341.754648
1341.758632
1341.761952
1341.767264
1341.773572
1341.779548
1341.789177
1341.799469
1341.804781
1341.809097
1341.814077
1341.818393
1341.822045
1341.827025
1341.836653
1341.841965
1341.856574
1341.863214
1341.870518
1341.874170
1341.884130
1341.895418
1341.900398
1341.907703
1341.926627
1341.932603
1341.943227
1341.946547
1341.951527
1341.972112
1341.979084
1341.996016
1342.002324
1342.010624
1342.019588
1342.034197
1342.063081
1342.067065
1342.084993
1342.097942
1342.103918
1342.107902
1342.115870
1342.119522
1342.140438
1342.155046
1342.173971
1342.190239
1342.222776
1342.229748
1342.242032
1342.250996
1342.260624
1342.272244
1342.286853
1342.294489
1342.299801
1342.305113
1342.314409
1342.320053
1342.328685
1342.347610
1342.358566
1342.365206
1342.370850
1342.393094
1342.436919
1342.442231
1342.452191
1342.454847
1342.465803
1342.471448
1342.483400
1342.494356
1342.501992
1342.510624
1342.567729
1342.576361
1342.583001
1342.591301
1342.594622
1342.608566
1342.619522
1342.622842
1342.633134
1342.664675
1342.667995
1342.670983
1342.674303
1342.685259
1342.691235
1342.699535
1342.713479
1342.716799
1342.739376
1342.750664
1342.756308
1342.773572
1342.780544
1342.791501
1342.802789
1342.818393
1342.835657
1342.854914
1342.863878
1342.872842
1342.877490
1342.882470
1342.902722
1342.907371
1342.923307
1342.949535
1342.955179
1342.960823
1342.968127
1342.973440
1342.983068
1342.989376
1342.992696
1342.998340
1343.022908
1343.031208
1343.041169
1343.051461
1343.054117
1343.075365
1343.093958
1343.110226
1343.120518
1343.128818
1343.133466
1343.142098
1343.151062
1343.156042
1343.165339
1343.173639
1343.180611
1343.216467
1343.220784
1343.224768
1343.237052
1343.250000
1343.259960
1343.268592
1343.276560
1343.284861
1343.293161
1343.303121
1343.309761
1343.322045
1343.333001
1343.336321
1343.343293
1343.349270
1343.353254
1343.368858
1343.377158
1343.382138
1343.386454
1343.398074
1343.404714
1343.408367
1343.414343
1343.418991
1343.432935
1343.439907
1343.451859
1343.459827
1343.468792
1343.473108
1343.486388
1343.491368
1343.503652
1343.509296
1343.515936
1343.523904
1343.535525
1343.539509
1343.543161
1343.549469
1343.554449
1343.594954
1343.599934
1343.610558
1343.616202
1343.626826
1343.630810
1343.636122
1343.640106
1343.656707
1343.663347
1343.671979
1343.701859
1343.706507
1343.715471
1343.721116
1343.748672
1343.752988
1343.756640
1343.763944
1343.768260
1343.779216
1343.787517
1343.797477
1343.807437
1343.819721
1343.826029
1343.834329
1343.840305
1343.855246
1343.860558
1343.865206
1343.868526
1343.877490
1343.884462
1343.890106
1343.892762
1343.896746
1343.900398
1343.911355
1343.922311
1343.928951
1343.935259
1343.943227
1343.960823
1343.970784
1343.980412
1343.988712
1343.996680
1344.015604
1344.029216
1344.066733
1344.084661
1344.089309
1344.095286
1344.102590
1344.121846
1344.150398
1344.157703
1344.162683
1344.190571
1344.198871
1344.208831
1344.212151
1344.221116
1344.234064
1344.237384
1344.248340
1344.255312
1344.258964
1344.261620
1344.277888
1344.283865
1344.307105
1344.311421
1344.323705
1344.340637
1344.344622
1344.356242
1344.361886
1344.367862
1344.382470
1344.397742
1344.415671
1344.424635
1344.427955
1344.437583
1344.450863
1344.456839
1344.463811
1344.467463
1344.491368
1344.497012
1344.500000
1344.506308
1344.512284
1344.529216
1344.533533
1344.545153
1344.549469
1344.554117
1344.559761
1344.567065
1344.571713
1344.575365
1344.581341
1344.594954
1344.597610
1344.610226
1344.630810
1344.641766
1344.644422
1344.654050
1344.658035
1344.662683
1344.670983
1344.695551
1344.708499
1344.722444
1344.732072
1344.739376
1344.744356
1344.752324
1344.763944
1344.770916
1344.774568
1344.792829
1344.798805
1344.809429
1344.812417
1344.818393
1344.821381
1344.836653
1344.843958
1344.849934
1344.863546
1344.873174
1344.887782
1344.896082
1344.926627
1344.933931
1344.940239
1344.998672
1345.013280
1345.022908
1345.026228
1345.038513
1345.060093
1345.073041
1345.077357
1345.101926
1345.105578
1345.111886
1345.119190
1345.141102
1345.146746
1345.166003
1345.169655
1345.181939
1345.184927
1345.191899
1345.201527
1345.205843
1345.214807
1345.220784
1345.224768
1345.232736
1345.239376
1345.253652
1345.257304
1345.260624
1345.278884
1345.291501
1345.307105
1345.314077
1345.344954
1345.356574
1345.363546
1345.367198
1345.382802
1345.405710
1345.416003
1345.431275
1345.439243
1345.466467
1345.479084
1345.489708
1345.493360
1345.499668
1345.506308
1345.509628
1345.513612
1345.520584
1345.527556
1345.534861
1345.547809
1345.559097
1345.567397
1345.573041
1345.576361
1345.580345
1345.587649
1345.590969
1345.598606
1345.609230
1345.619854
1345.623174
1345.629482
1345.638778
1345.676295
1345.681607
1345.688247
1345.702191
1345.705179
1345.719124
1345.722776
1345.728420
1345.738380
1345.748340
1345.750996
1345.775564
1345.778884
1345.784861
1345.789841
1345.793493
1345.806109
1345.809429
1345.819389
1345.833001
1345.848938
1345.854582
1345.863546
1345.884462
1345.887782
1345.894422
1345.905378
1345.914343
1345.928951
1345.932271
1345.935591
1345.938579
1345.956839
1345.961155
1345.964807
1345.971116
1345.976428
1345.986720
1345.991368
1345.996680
1346.000000
1346.014608
1346.018260
1346.023572
1346.034861
1346.046481
1346.049137
1346.052457
1346.055777
1346.068393
1346.080013
1346.096614
1346.100598
1346.104914
1346.116534
1346.122178
1346.127822
1346.137118
1346.143426
1346.147410
1346.160027
1346.175299
1346.182271
1346.191899
1346.196879
1346.204515
1346.210159
1346.215139
1346.221116
1346.229748
1346.255644
1346.273904
1346.277224
1346.280544
1346.288513
1346.291169
1346.296149
1346.301461
1346.306773
1346.312417
1346.328021
1346.336653
1346.339973
1346.347610
1346.351926
1346.359230
1346.362882
1346.368858
1346.372510
1346.380810
1346.383798
1346.410691
1346.422311
1346.426295
1346.436255
1346.441899
1346.447875
1346.460159
1346.487716
1346.493360
1346.509628
1346.513612
1346.524900
1346.531873
1346.540173
1346.543493
1346.549137
1346.564741
1346.579681
1346.585989
1346.594954
1346.601594
1346.606906
1346.621846
1346.644422
1346.663679
1346.674635
1346.678619
1346.681939
1346.687251
1346.699535
1346.706175
1346.728420
1346.734728
1346.738048
1346.765272
1346.768592
1346.780212
1346.785525
1346.812417
1346.816401
1346.830013
1346.833997
1346.840969
1346.845618
1346.857238
1346.860558
1346.884462
1346.910359
1346.917331
1346.945551
1346.954515
1346.967131
1346.973108
1346.994688
1347.005976
1347.019588
1347.028884
1347.034197
1347.043825
1347.064409
1347.070053
1347.077025
1347.091633
1347.096282
1347.100598
1347.115206
1347.122510
1347.130478
1347.152058
1347.155046
1347.160027
1347.174967
1347.180943
1347.186919
1347.195551
1347.205179
1347.216799
1347.235724
1347.256640
1347.263944
1347.290837
1347.294489
1347.307105
1347.320717
1347.324701
1347.343293
1347.346946
1347.353586
1347.367530
1347.371182
1347.377822
1347.393094
1347.403386
1347.412351
1347.418659
1347.421979
1347.424635
1347.427955
1347.430943
1347.434263
1347.440903
1347.464475
1347.472776
1347.478088
1347.481408
1347.485724
1347.500332
1347.506640
1347.519588
1347.525564
1347.530876
1347.534197
1347.572377
1347.609562
1347.613878
1347.628486
1347.655710
1347.659695
1347.671979
1347.682271
1347.686587
1347.701195
1347.710491
1347.714475
1347.718792
1347.730412
1347.742032
1347.745020
1347.752656
1347.769920
1347.783533
1347.786853
1347.798473
1347.808433
1347.835325
1347.845950
1347.850598
1347.853918
1347.857238
1347.861554
1347.871514
1347.875498
1347.907371
1347.912019
1347.923971
1347.935923
1347.946215
1347.955511
1347.994024
1347.998340
1348.003652
1348.029216
1348.041169
1348.045485
1348.062417
1348.070053
1348.076361
1348.080345
1348.112218
1348.123838
1348.134794
1348.143094
1348.153386
1348.164675
1348.176627
1348.181939
1348.186919
1348.198539
1348.206839
1348.213811
1348.221116
1348.238048
1348.250332
1348.253984
1348.289177
1348.297145
1348.331341
1348.345618
1348.372842
1348.376162
1348.384130
1348.390106
1348.405378
1348.411023
1348.416335
1348.428619
1348.432603
1348.448539
1348.460491
1348.471780
1348.476428
1348.480744
1348.485392
1348.490372
1348.493692
1348.499668
1348.504980
1348.511620
1348.517928
1348.522908
1348.532205
1348.551793
1348.568393
1348.608898
1348.622510
1348.629814
1348.638114
1348.662019
1348.686587
1348.698871
1348.713479
1348.725432
1348.731740
1348.735060
1348.747012
1348.768260
1348.773240
1348.782869
1348.786521
1348.795817
1348.808433
1348.817729
1348.826693
1348.830013
1348.840305
1348.846614
1348.852590
1348.860890
1348.864542
1348.887782
1348.905378
1348.939243
1348.946215
1348.965803
1348.989708
1348.999668
1349.002988
1349.007304
1349.023904
1349.028220
1349.038181
1349.044821
1349.052789
1349.062085
1349.071713
1349.078021
1349.083333
1349.091301
1349.099934
1349.111886
1349.195883
1349.205179
1349.213479
1349.222444
1349.232072
1349.235060
1349.255312
1349.261620
1349.273240
1349.295153
1349.331009
1349.343625
1349.345950
1349.359230
1349.368858
1349.376826
1349.380810
1349.391434
1349.404050
1349.410691
1349.421315
1349.427955
1349.430279
1349.463479
1349.488380
1349.492696
1349.500332
1349.505976
1349.515272
1349.530544
1349.540837
1349.546149
1349.549801
1349.555113
1349.571049
1349.584993
1349.589309
1349.604914
1349.627158
1349.634462
1349.646082
1349.656375
1349.667663
1349.672643
1349.681939
1349.687583
1349.692563
1349.717795
1349.724436
1349.737052
1349.753320
1349.840637
1349.847278
1349.851926
1349.856906
1349.863546
1349.866866
1349.880810
1349.885458
1349.890438
1349.906707
1349.913347
1349.927623
1349.931607
1349.934927
1349.946879
1349.956507
1349.969456
1349.975764
1349.980744
1349.988048
1350.000332
1350.007968
1350.012284
1350.015604
1350.019920
1350.023572
1350.028884
1350.032537
1350.040505
1350.049137
1350.055445
1350.059761
1350.064741
1350.072045
1350.081341
1350.087649
1350.091301
1350.098274
1350.111886
1350.115206
1350.117530
1350.132138
1350.144754
1350.160359
1350.169323
1350.184263
1350.187583
1350.201527
1350.209495
1350.213147
1350.218792
1350.222112
1350.227756
1350.231076
1350.238380
1350.253652
1350.256972
1350.269588
1350.283865
1350.288513
1350.294157
1350.298141
1350.311753
1350.320053
1350.326693
1350.359230
1350.362882
1350.376826
1350.380146
1350.397410
1350.409695
1350.412683
1350.422311
1350.434595
1350.470452
1350.479084
1350.482736
1350.486388
1350.492364
1350.509628
1350.516268
1350.521248
1350.525564
1350.532869
1350.549469
1350.559761
1350.562749
1350.569721
1350.590637
1350.600598
1350.613214
1350.619854
1350.625498
1350.633466
1350.641434
1350.650398
1350.654714
1350.661355
1350.666999
1350.670983
1350.679283
1350.682603
1350.685923
1350.691567
1350.746016
1350.756972
1350.762948
1350.769256
1350.788845
1350.802789
1350.816401
1350.826361
1350.831673
1350.839309
1350.856906
1350.868194
1350.871514
1350.881142
1350.902390
1350.911687
1350.921979
1350.946547
1350.961819
1350.967463
1350.980412
1350.998672
1351.002656
1351.012948
1351.015936
1351.019588
1351.034861
1351.039509
1351.049801
1351.053453
1351.057437
1351.064409
1351.071049
1351.084329
1351.110226
1351.120186
1351.127490
1351.131142
1351.142430
1351.149734
1351.163347
1351.176627
1351.200199
1351.203187
1351.233400
1351.237716
1351.243360
1351.249668
1351.255976
1351.261952
1351.265936
1351.270916
1351.292165
1351.311753
1351.319389
1351.323041
1351.332337
1351.336985
1351.348274
1351.362218
1351.383134
1351.386454
1351.392098
1351.410359
1351.417331
1351.420319
1351.424303
1351.428619
1351.464143
1351.473772
1351.483732
1351.498340
1351.509628
1351.516932
1351.519920
1351.523240
1351.528552
1351.532869
1351.535857
1351.546149
1351.551461
1351.567729
1351.581009
1351.593625
1351.598274
1351.604250
1351.618526
1351.622510
1351.626826
1351.630146
1351.634130
1351.643094
1351.656375
1351.660691
1351.665339
1351.670983
1351.682271
1351.687583
1351.692231
1351.704847
1351.712483
1351.723440
1351.748008
1351.755644
1351.759960
1351.765604
1351.769920
1351.776892
1351.784861
1351.793161
1351.812085
1351.820717
1351.835657
1351.840637
1351.855910
1351.872510
1351.883134
1351.887450
1351.905710
1351.918327
1351.940571
1351.947543
1351.953187
1351.956507
1351.964807
1351.974104
1351.981076
1351.985392
1351.989044
1352.005312
1352.013280
1352.022576
1352.031208
1352.035857
1352.042497
1352.048473
1352.053453
1352.061089
1352.071713
1352.076693
1352.102258
1352.107902
1352.119854
1352.122842
1352.137782
1352.141102
1352.147742
1352.156042
1352.161355
1352.166667
1352.183267
1352.187583
1352.197875
1352.206175
1352.214475
1352.221116
1352.232736
1352.237052
1352.249668
1352.264276
1352.270584
1352.281541
1352.285857
1352.297477
1352.304781
1352.315405
1352.328021
1352.337981
1352.351594
1352.363878
1352.410691
1352.429947
1352.443227
1352.447875
1352.459163
1352.464807
1352.468792
1352.475764
1352.478752
1352.486388
1352.491700
1352.497344
1352.505644
1352.512284
1352.524568
1352.534529
1352.539177
1352.545817
1352.549801
1352.564077
1352.568061
1352.575033
1352.586321
1352.635790
1352.639442
1352.652722
1352.657703
1352.670319
1352.681939
1352.697211
1352.720784
1352.726428
1352.732404
1352.740372
1352.747676
1352.755976
1352.769920
1352.776892
1352.792165
1352.801129
1352.806109
1352.820053
1352.834993
1352.850266
1352.853918
1352.874834
1352.891434
1352.900066
1352.905710
1352.910027
1352.915671
1352.923971
1352.927291
1352.954183
1352.958499
1352.971448
1352.975100
1352.983068
1352.991700
1352.999336
1353.007968
1353.016268
1353.037185
1353.046149
1353.053453
1353.058765
1353.066733
1353.077025
1353.084661
1353.090969
1353.098606
1353.104250
1353.107238
1353.110558
1353.114210
1353.118858
1353.122178
1353.129482
1353.149070
1353.153054
1353.156375
1353.164011
1353.178619
1353.186587
1353.194887
1353.202191
1353.217795
1353.228420
1353.237716
1353.242696
1353.262948
1353.268260
1353.272576
1353.287517
1353.312085
1353.323041
1353.326693
1353.333665
1353.339309
1353.345286
1353.351594
1353.360890
1353.367198
1353.378818
1353.393094
1353.401394
1353.408035
1353.412683
1353.416003
1353.418991
1353.423307
1353.428951
1353.440571
1353.443891
1353.448871
1353.459163
1353.463811
1353.468792
1353.475764
1353.502656
1353.508964
1353.518592
1353.522244
1353.528552
1353.536853
1353.543825
1353.549469
1353.555445
1353.561421
1353.566401
1353.578353
1353.584993
1353.591965
1353.599602
1353.604250
1353.607902
1353.611222
1353.621514
1353.631142
1353.643426
1353.657039
1353.667331
1353.688247
1353.707835
1353.712815
1353.723772
1353.731076
1353.738712
1353.743028
1353.750664
1353.755976
1353.759296
1353.770252
1353.789509
1353.800797
1353.834661
1353.838977
1353.845286
1353.850598
1353.856574
1353.861222
1353.872178
1353.877822
1353.881142
1353.886454
1353.889774
1353.899402
1353.914675
1353.917995
1353.943559
1353.958499
1353.970784
1353.977756
1353.981740
1354.032869
1354.039177
1354.042497
1354.045817
1354.054449
1354.057769
1354.061753
1354.067729
1354.078685
1354.084329
1354.101262
1354.116202
1354.120518
1354.129150
1354.148406
1354.153718
1354.169323
1354.173971
1354.190903
1354.197543
1354.202523
1354.206175
1354.213811
1354.218127
1354.225764
1354.242364
1354.250664
1354.306773
1354.313081
1354.322045
1354.325697
1354.399070
1354.409031
1354.417331
1354.426627
1354.438247
1354.442231
1354.459827
1354.464807
1354.470452
1354.481076
1354.491368
1354.518260
1354.523240
1354.532537
1354.543493
1354.555445
1354.560757
1354.567729
1354.574037
1354.582669
1354.591301
1354.596282
1354.612218
1354.620850
1354.628486
1354.634462
1354.650398
1354.658367
1354.663015
1354.668659
1354.683267
1354.703519
1354.711155
1354.717795
1354.732736
1354.738048
1354.752988
1354.762284
1354.780876
1354.798805
1354.809429
1354.815073
1354.830013
1354.841965
1354.852922
1354.857238
1354.870850
1354.898074
1354.902722
1354.905046
1354.909363
1354.912683
1354.951195
1354.955511
1354.966799
1354.973772
1354.997676
1355.003652
1355.021248
1355.024900
1355.036521
1355.043825
1355.079349
1355.090637
1355.094622
1355.107902
1355.112550
1355.129150
1355.134130
1355.148738
1355.166667
1355.176959
1355.199203
1355.217463
1355.224436
1355.230080
1355.242696
1355.259960
1355.266268
1355.269588
1355.276892
1355.281208
1355.291833
1355.296481
1355.314409
1355.319721
1355.327025
1355.355578
1355.362882
1355.368858
1355.382470
1355.393094
1355.398406
1355.403718
1355.408035
1355.411687
1355.418327
1355.420983
1355.426627
1355.454847
1355.473108
1355.476760
1355.497012
1355.502324
1355.526560
1355.529548
1355.535525
1355.547477
1355.576361
1355.583001
1355.588645
1355.593958
1355.602922
1355.614874
1355.618858
1355.655378
1355.663347
1355.685923
1355.693891
1355.725764
1355.742364
1355.745684
1355.750996
1355.763612
1355.769256
1355.775896
1355.800133
1355.809097
1355.821381
1355.841301
1355.844954
1355.876162
1355.881142
1355.892098
1355.898074
1355.906375
1355.913015
1355.921647
1355.932271
1355.935591
1355.944223
1355.955843
1355.965803
1355.970452
1355.981740
1355.992696
1356.003984
1356.014276
1356.019920
1356.023904
1356.034861
1356.047477
1356.065405
1356.068725
1356.092297
1356.103586
1356.107570
1356.111222
1356.119190
1356.162683
1356.167663
1356.178287
1356.198871
1356.204183
1356.213811
1356.219456
1356.236720
1356.241368
1356.256308
1356.259628
1356.279548
1356.291833
1356.299801
1356.305113
1356.319057
1356.327357
1356.330677
1356.346946
1356.364542
1356.370518
1356.376162
1356.383798
1356.395086
1356.399070
1356.405046
1356.408699
1356.412019
1356.419655
1356.422975
1356.449203
1356.453851
1356.459827
1356.523904
1356.546813
1356.553453
1356.557105
1356.564409
1356.579017
1356.592629
1356.597610
1356.603254
1356.610558
1356.628818
1356.648738
1356.653718
1356.668991
1356.675963
1356.680943
1356.687583
1356.726096
1356.745352
1356.754316
1356.759296
1356.804781
1356.809429
1356.818061
1356.827689
1356.830345
1356.836985
1356.839641
1356.852922
1356.864874
1356.871846
1356.883134
1356.886786
1356.892762
1356.906042
1356.914675
1356.917663
1356.947543
1356.951195
1356.962815
1356.968459
1356.979084
1356.984396
1356.989708
1356.997344
1357.004648
1357.011620
1357.033533
1357.065737
1357.074037
1357.083997
1357.087981
1357.091965
1357.095950
1357.101594
1357.126494
1357.135126
1357.148074
1357.154714
1357.162683
1357.174967
1357.197211
1357.211819
1357.231740
1357.235392
1357.248340
1357.287185
1357.295153
1357.301461
1357.329681
1357.342629
1357.346614
1357.358234
1357.364542
1357.367862
1357.392762
1357.398738
1357.410691
1357.413679
1357.441567
1357.453519
1357.464143
1357.470784
1357.475100
1357.496680
1357.502656
1357.508300
1357.512616
1357.515936
1357.523904
1357.527224
1357.542497
1357.548141
1357.553785
1357.560093
1357.567065
1357.573705
1357.595950
1357.625166
1357.629150
1357.645750
1357.650730
1357.655378
1357.658699
1357.662683
1357.666999
1357.672311
1357.679947
1357.687251
1357.690571
1357.693891
1357.713147
1357.718792
1357.725432
1357.734396
1357.738048
1357.770916
1357.775564
1357.790837
1357.794157
1357.806109
1357.815737
1357.828021
1357.847610
1357.859894
1357.863214
1357.870186
1357.873506
1357.887450
1357.890770
1357.910027
1357.925963
1357.946215
1357.949535
1357.953187
1357.957503
1357.961487
1358.003984
1358.016932
1358.022244
1358.028220
1358.033533
1358.046481
1358.063745
1358.071713
1358.112218
1358.116202
1358.121514
1358.145750
1358.157039
1358.163679
1358.166999
1358.174635
1358.180943
1358.186255
1358.194555
1358.201527
1358.208167
1358.232072
1358.246348
1358.264940
1358.269256
1358.277556
1358.288513
1358.294821
1358.298141
1358.301461
1358.310093
1358.326693
1358.334329
1358.337649
1358.340637
1358.344954
1358.353254
1358.359230
1358.385126
1358.390106
1358.409363
1358.425299
1358.450199
1358.465803
1358.469124
1358.473108
1358.480080
1358.485724
1358.499668
1358.516600
1358.521912
1358.534529
1358.545485
1358.553453
1358.557437
1358.562417
1358.570053
1358.576361
1358.581009
1358.584661
1358.588313
1358.602258
1358.606574
1358.620186
1358.629150
1358.635458
1358.660027
1358.663679
1358.675963
1358.685923
1358.693891
1358.701195
1358.710159
1358.718127
1358.730412
1358.745352
1358.749336
1358.762948
1358.766932
1358.770584
1358.792497
1358.797809
1358.806773
1358.823373
1358.828685
1358.832337
1358.844954
1358.848274
1358.854250
1358.868526
1358.873174
1358.884462
1358.896746
1358.914343
1358.922643
1358.925963
1358.941235
1358.946879
1358.971116
1358.986720
1358.991700
1359.007636
1359.014608
1359.019256
1359.029216
1359.038845
1359.045817
1359.049801
1359.059761
1359.076361
1359.083997
1359.103254
1359.118526
1359.140106
1359.144754
1359.149402
1359.164675
1359.170651
1359.176959
1359.182271
1359.185923
1359.191235
1359.198539
1359.205179
1359.207835
1359.216467
1359.221116
1359.235060
1359.240704
1359.243360
1359.251328
1359.270584
1359.277224
1359.282205
1359.288513
1359.293825
1359.302457
1359.306109
1359.317065
1359.328021
1359.334993
1359.338313
1359.346946
1359.349602
1359.354250
1359.357570
1359.361886
1359.364542
1359.374170
1359.385790
1359.397742
1359.409695
1359.419655
1359.426627
1359.444223
1359.449203
1359.452523
1359.470784
1359.478752
1359.495352
1359.503984
1359.507304
1359.510624
1359.525232
1359.550465
1359.562749
1359.566069
1359.569389
1359.573373
1359.580013
1359.587649
1359.595950
1359.601262
1359.612218
1359.618526
1359.628486
1359.648738
1359.668659
1359.671979
1359.677291
1359.680611
1359.687251
1359.699867
1359.715471
1359.718792
1359.733732
1359.742364
1359.747344
1359.751328
1359.754980
1359.758632
1359.763612
1359.769256
1359.778220
1359.780544
1359.801129
1359.817065
1359.833665
1359.851262
1359.868194
1359.871182
1359.908699
1359.913015
1359.923307
1359.927291
1359.932935
1359.943559
1359.948871
1359.952191
1359.960159
1359.965471
1359.973772
1359.983400
1359.987052
1359.990372
1360.012616
1360.030544
1360.034861
1360.039177
1360.072709
1360.083997
1360.091633
1360.112218
1360.115870
1360.135790
1360.150066
1360.155710
1360.189575
1360.193559
1360.207171
1360.219788
1360.231408
1360.250332
1360.253984
1360.257636
1360.284861
1360.329681
1360.336653
1360.352258
1360.355910
1360.360558
1360.372510
1360.382138
1360.389110
1360.397742
1360.410691
1360.415339
1360.420651
1360.424303
1360.428951
1360.436587
1360.450199
1360.453851
1360.472112
1360.488048
1360.491368
1360.498672
1360.502324
1360.506308
1360.511620
1360.517264
1360.538181
1360.544157
1360.561089
1360.570385
1360.600598
1360.611886
1360.615206
1360.634794
1360.642762
1360.646746
1360.651394
1360.664675
1360.670651
1360.677955
1360.686587
1360.698539
1360.727092
1360.732736
1360.736720
1360.742696
1360.750000
1360.756308
1360.760292
1360.767264
1360.770584
1360.780544
1360.801793
1360.821381
1360.831009
1360.837981
1360.846282
1360.858566
1360.872178
1360.874502
1360.878154
1360.897742
1360.903054
1360.910691
1360.914011
1360.934927
1360.970784
1360.982072
1360.993028
1360.999336
1361.014276
1361.028220
1361.041169
1361.050465
1361.056773
1361.061421
1361.068393
1361.079349
1361.092961
1361.102922
1361.106242
1361.115538
1361.129814
1361.134130
1361.142430
1361.158035
1361.168327
1361.171647
1361.191567
1361.233068
1361.240704
1361.267596
1361.279548
1361.283865
1361.294821
1361.314077
1361.318393
1361.323373
1361.334993
1361.391434
1361.409695
1361.416667
1361.421979
1361.426295
1361.505312
1361.515936
1361.521580
1361.529880
1361.562749
1361.584661
1361.605578
1361.609894
1361.613878
1361.629482
1361.637450
1361.657039
1361.661023
1361.666999
1361.670983
1361.675963
1361.679615
1361.682603
1361.697875
1361.701527
1361.711487
1361.715803
1361.721780
1361.776892
1361.786189
1361.791501
1361.808765
